<?xml version="1.0" encoding="UTF-8"?>
<!-- Generated by org.testng.reporters.JUnitReportReporter -->
<testsuite hostname="DESKTOP-7EUDCAL" failures="0" tests="2" name="com.sauce.tests.LoginTest" time="6.934" errors="0" timestamp="2022-10-04T21:46:50 GMT-04:00" skipped="0">
  <testcase classname="com.sauce.tests.LoginTest" name="Validlogintest" time="2.631"/>
  <system-out/>
  <testcase classname="com.sauce.tests.LoginTest" name="invalidlogintest" time="4.303"/>
  <system-out/>
</testsuite> <!-- com.sauce.tests.LoginTest -->
